<?xml version="1.0" encoding="UTF-8"?>
<robot generator="Robot 7.2.2 (Python 3.13.2 on win32)" generated="2025-03-29T02:42:57.633778" rpa="false" schemaversion="5">
<suite id="s1" name="Tests" source="C:\Users\Ердаулет\Documents\robot_tests\tests">
<suite id="s1-s1" name="Login Test" source="C:\Users\Ердаулет\Documents\robot_tests\tests\login_test.robot">
<test id="s1-s1-t1" name="Login Test" line="5">
<kw name="Open Website" owner="keywords">
<kw name="Open Browser" owner="SeleniumLibrary">
<msg time="2025-03-29T02:42:58.194866" level="INFO">Opening browser 'Chrome' to base url 'https://www.demoblaze.com'.</msg>
<arg>${URL}</arg>
<arg>Chrome</arg>
<doc>Opens a new browser instance to the optional ``url``.</doc>
<status status="PASS" start="2025-03-29T02:42:58.194500" elapsed="3.419916"/>
</kw>
<status status="PASS" start="2025-03-29T02:42:58.193605" elapsed="3.421272"/>
</kw>
<kw name="Login With Credentials" owner="keywords">
<kw name="Click Element" owner="SeleniumLibrary">
<msg time="2025-03-29T02:43:01.617650" level="INFO">Clicking element 'id=login2'.</msg>
<arg>${LOGIN_BUTTON}</arg>
<doc>Click the element identified by ``locator``.</doc>
<status status="PASS" start="2025-03-29T02:43:01.616876" elapsed="0.154608"/>
</kw>
<kw name="Input Text" owner="SeleniumLibrary">
<msg time="2025-03-29T02:43:01.772007" level="INFO">Typing text 'testuser' into text field 'id=loginusername'.</msg>
<msg time="2025-03-29T02:43:02.006193" level="INFO" html="true">&lt;/td&gt;&lt;/tr&gt;&lt;tr&gt;&lt;td colspan="3"&gt;&lt;a href="selenium-screenshot-5.png"&gt;&lt;img src="selenium-screenshot-5.png" width="800px"&gt;&lt;/a&gt;</msg>
<msg time="2025-03-29T02:43:02.006438" level="FAIL">ElementNotInteractableException: Message: element not interactable
  (Session info: chrome=134.0.6998.178)
Stacktrace:
	GetHandleVerifier [0x00007FF6321D4C25+3179557]
	(No symbol) [0x00007FF631E388A0]
	(No symbol) [0x00007FF631CC8FFC]
	(No symbol) [0x00007FF631D14EB5]
	(No symbol) [0x00007FF631D47C2A]
	(No symbol) [0x00007FF631D122D6]
	(No symbol) [0x00007FF631D47E40]
	(No symbol) [0x00007FF631D702F3]
	(No symbol) [0x00007FF631D47A03]
	(No symbol) [0x00007FF631D106D0]
	(No symbol) [0x00007FF631D11983]
	GetHandleVerifier [0x00007FF6322367CD+3579853]
	GetHandleVerifier [0x00007FF63224D1D2+3672530]
	GetHandleVerifier [0x00007FF632242153+3627347]
	GetHandleVerifier [0x00007FF631FA092A+868650]
	(No symbol) [0x00007FF631E42FFF]
	(No symbol) [0x00007FF631E3F4A4]
	(No symbol) [0x00007FF631E3F646]
	(No symbol) [0x00007FF631E2EAA9]
	BaseThreadInitThunk [0x00007FF98B33259D+29]
	RtlUserThreadStart [0x00007FF98C90AF38+40]
</msg>
<arg>${USERNAME_FIELD}</arg>
<arg>${username}</arg>
<doc>Types the given ``text`` into the text field identified by ``locator``.</doc>
<status status="FAIL" start="2025-03-29T02:43:01.771678" elapsed="0.237864">ElementNotInteractableException: Message: element not interactable
  (Session info: chrome=134.0.6998.178)
Stacktrace:
	GetHandleVerifier [0x00007FF6321D4C25+3179557]
	(No symbol) [0x00007FF631E388A0]
	(No symbol) [0x00007FF631CC8FFC]
	(No symbol) [0x00007FF631D14EB5]
	(No symbol) [0x00007FF631D47C2A]
	(No symbol) [0x00007FF631D122D6]
	(No symbol) [0x00007FF631D47E40]
	(No symbol) [0x00007FF631D702F3]
	(No symbol) [0x00007FF631D47A03]
	(No symbol) [0x00007FF631D106D0]
	(No symbol) [0x00007FF631D11983]
	GetHandleVerifier [0x00007FF6322367CD+3579853]
	GetHandleVerifier [0x00007FF63224D1D2+3672530]
	GetHandleVerifier [0x00007FF632242153+3627347]
	GetHandleVerifier [0x00007FF631FA092A+868650]
	(No symbol) [0x00007FF631E42FFF]
	(No symbol) [0x00007FF631E3F4A4]
	(No symbol) [0x00007FF631E3F646]
	(No symbol) [0x00007FF631E2EAA9]
	BaseThreadInitThunk [0x00007FF98B33259D+29]
	RtlUserThreadStart [0x00007FF98C90AF38+40]
</status>
</kw>
<kw name="Input Text" owner="SeleniumLibrary">
<arg>${PASSWORD_FIELD}</arg>
<arg>${password}</arg>
<doc>Types the given ``text`` into the text field identified by ``locator``.</doc>
<status status="NOT RUN" start="2025-03-29T02:43:02.009834" elapsed="0.000050"/>
</kw>
<kw name="Click Button" owner="SeleniumLibrary">
<arg>${SUBMIT_BUTTON}</arg>
<doc>Clicks the button identified by ``locator``.</doc>
<status status="NOT RUN" start="2025-03-29T02:43:02.010022" elapsed="0.000039"/>
</kw>
<arg>testuser</arg>
<arg>testpassword</arg>
<status status="FAIL" start="2025-03-29T02:43:01.616017" elapsed="0.394258">ElementNotInteractableException: Message: element not interactable
  (Session info: chrome=134.0.6998.178)
Stacktrace:
	GetHandleVerifier [0x00007FF6321D4C25+3179557]
	(No symbol) [0x00007FF631E388A0]
	(No symbol) [0x00007FF631CC8FFC]
	(No symbol) [0x00007FF631D14EB5]
	(No symbol) [0x00007FF631D47C2A]
	(No symbol) [0x00007FF631D122D6]
	(No symbol) [0x00007FF631D47E40]
	(No symbol) [0x00007FF631D702F3]
	(No symbol) [0x00007FF631D47A03]
	(No symbol) [0x00007FF631D106D0]
	(No symbol) [0x00007FF631D11983]
	GetHandleVerifier [0x00007FF6322367CD+3579853]
	GetHandleVerifier [0x00007FF63224D1D2+3672530]
	GetHandleVerifier [0x00007FF632242153+3627347]
	GetHandleVerifier [0x00007FF631FA092A+868650]
	(No symbol) [0x00007FF631E42FFF]
	(No symbol) [0x00007FF631E3F4A4]
	(No symbol) [0x00007FF631E3F646]
	(No symbol) [0x00007FF631E2EAA9]
	BaseThreadInitThunk [0x00007FF98B33259D+29]
	RtlUserThreadStart [0x00007FF98C90AF38+40]
</status>
</kw>
<kw name="Sleep" owner="BuiltIn">
<arg>2s</arg>
<doc>Pauses the test executed for the given time.</doc>
<status status="NOT RUN" start="2025-03-29T02:43:02.010684" elapsed="0.000084"/>
</kw>
<kw name="Close Browser" owner="SeleniumLibrary">
<doc>Closes the current browser.</doc>
<status status="NOT RUN" start="2025-03-29T02:43:02.011027" elapsed="0.000040"/>
</kw>
<status status="FAIL" start="2025-03-29T02:42:58.192777" elapsed="3.818568">ElementNotInteractableException: Message: element not interactable
  (Session info: chrome=134.0.6998.178)
Stacktrace:
	GetHandleVerifier [0x00007FF6321D4C25+3179557]
	(No symbol) [0x00007FF631E388A0]
	(No symbol) [0x00007FF631CC8FFC]
	(No symbol) [0x00007FF631D14EB5]
	(No symbol) [0x00007FF631D47C2A]
	(No symbol) [0x00007FF631D122D6]
	(No symbol) [0x00007FF631D47E40]
	(No symbol) [0x00007FF631D702F3]
	(No symbol) [0x00007FF631D47A03]
	(No symbol) [0x00007FF631D106D0]
	(No symbol) [0x00007FF631D11983]
	GetHandleVerifier [0x00007FF6322367CD+3579853]
	GetHandleVerifier [0x00007FF63224D1D2+3672530]
	GetHandleVerifier [0x00007FF632242153+3627347]
	GetHandleVerifier [0x00007FF631FA092A+868650]
	(No symbol) [0x00007FF631E42FFF]
	(No symbol) [0x00007FF631E3F4A4]
	(No symbol) [0x00007FF631E3F646]
	(No symbol) [0x00007FF631E2EAA9]
	BaseThreadInitThunk [0x00007FF98B33259D+29]
	RtlUserThreadStart [0x00007FF98C90AF38+40]
</status>
</test>
<status status="FAIL" start="2025-03-29T02:42:57.682381" elapsed="4.330171"/>
</suite>
<suite id="s1-s2" name="Logout Test" source="C:\Users\Ердаулет\Documents\robot_tests\tests\logout_test.robot">
<test id="s1-s2-t1" name="Logout Test" line="5">
<kw name="Open Browser" owner="SeleniumLibrary">
<msg time="2025-03-29T02:43:02.017822" level="INFO">Opening browser 'Chrome' to base url 'https://www.demoblaze.com'.</msg>
<arg>https://www.demoblaze.com</arg>
<arg>Chrome</arg>
<doc>Opens a new browser instance to the optional ``url``.</doc>
<status status="PASS" start="2025-03-29T02:43:02.017637" elapsed="2.802178"/>
</kw>
<kw name="Click Element" owner="SeleniumLibrary">
<msg time="2025-03-29T02:43:04.820744" level="INFO">Clicking element 'id=login2'.</msg>
<arg>id=login2</arg>
<doc>Click the element identified by ``locator``.</doc>
<status status="PASS" start="2025-03-29T02:43:04.820358" elapsed="0.132354"/>
</kw>
<kw name="Input Text" owner="SeleniumLibrary">
<msg time="2025-03-29T02:43:04.953698" level="INFO">Typing text 'testuser' into text field 'id=loginusername'.</msg>
<msg time="2025-03-29T02:43:05.172915" level="INFO" html="true">&lt;/td&gt;&lt;/tr&gt;&lt;tr&gt;&lt;td colspan="3"&gt;&lt;a href="selenium-screenshot-6.png"&gt;&lt;img src="selenium-screenshot-6.png" width="800px"&gt;&lt;/a&gt;</msg>
<msg time="2025-03-29T02:43:05.173894" level="FAIL">ElementNotInteractableException: Message: element not interactable
  (Session info: chrome=134.0.6998.178)
Stacktrace:
	GetHandleVerifier [0x00007FF6321D4C25+3179557]
	(No symbol) [0x00007FF631E388A0]
	(No symbol) [0x00007FF631CC8FFC]
	(No symbol) [0x00007FF631D14EB5]
	(No symbol) [0x00007FF631D47C2A]
	(No symbol) [0x00007FF631D122D6]
	(No symbol) [0x00007FF631D47E40]
	(No symbol) [0x00007FF631D702F3]
	(No symbol) [0x00007FF631D47A03]
	(No symbol) [0x00007FF631D106D0]
	(No symbol) [0x00007FF631D11983]
	GetHandleVerifier [0x00007FF6322367CD+3579853]
	GetHandleVerifier [0x00007FF63224D1D2+3672530]
	GetHandleVerifier [0x00007FF632242153+3627347]
	GetHandleVerifier [0x00007FF631FA092A+868650]
	(No symbol) [0x00007FF631E42FFF]
	(No symbol) [0x00007FF631E3F4A4]
	(No symbol) [0x00007FF631E3F646]
	(No symbol) [0x00007FF631E2EAA9]
	BaseThreadInitThunk [0x00007FF98B33259D+29]
	RtlUserThreadStart [0x00007FF98C90AF38+40]
</msg>
<arg>id=loginusername</arg>
<arg>testuser</arg>
<doc>Types the given ``text`` into the text field identified by ``locator``.</doc>
<status status="FAIL" start="2025-03-29T02:43:04.953247" elapsed="0.223543">ElementNotInteractableException: Message: element not interactable
  (Session info: chrome=134.0.6998.178)
Stacktrace:
	GetHandleVerifier [0x00007FF6321D4C25+3179557]
	(No symbol) [0x00007FF631E388A0]
	(No symbol) [0x00007FF631CC8FFC]
	(No symbol) [0x00007FF631D14EB5]
	(No symbol) [0x00007FF631D47C2A]
	(No symbol) [0x00007FF631D122D6]
	(No symbol) [0x00007FF631D47E40]
	(No symbol) [0x00007FF631D702F3]
	(No symbol) [0x00007FF631D47A03]
	(No symbol) [0x00007FF631D106D0]
	(No symbol) [0x00007FF631D11983]
	GetHandleVerifier [0x00007FF6322367CD+3579853]
	GetHandleVerifier [0x00007FF63224D1D2+3672530]
	GetHandleVerifier [0x00007FF632242153+3627347]
	GetHandleVerifier [0x00007FF631FA092A+868650]
	(No symbol) [0x00007FF631E42FFF]
	(No symbol) [0x00007FF631E3F4A4]
	(No symbol) [0x00007FF631E3F646]
	(No symbol) [0x00007FF631E2EAA9]
	BaseThreadInitThunk [0x00007FF98B33259D+29]
	RtlUserThreadStart [0x00007FF98C90AF38+40]
</status>
</kw>
<kw name="Input Text" owner="SeleniumLibrary">
<arg>id=loginpassword</arg>
<arg>testpassword</arg>
<doc>Types the given ``text`` into the text field identified by ``locator``.</doc>
<status status="NOT RUN" start="2025-03-29T02:43:05.177631" elapsed="0.000140"/>
</kw>
<kw name="Click Button" owner="SeleniumLibrary">
<arg>xpath=//button[text()='Log in']</arg>
<doc>Clicks the button identified by ``locator``.</doc>
<status status="NOT RUN" start="2025-03-29T02:43:05.178295" elapsed="0.000090"/>
</kw>
<kw name="Sleep" owner="BuiltIn">
<arg>2s</arg>
<doc>Pauses the test executed for the given time.</doc>
<status status="NOT RUN" start="2025-03-29T02:43:05.179133" elapsed="0.000174"/>
</kw>
<kw name="Click Element" owner="SeleniumLibrary">
<arg>id=logout2</arg>
<doc>Click the element identified by ``locator``.</doc>
<status status="NOT RUN" start="2025-03-29T02:43:05.180012" elapsed="0.000116"/>
</kw>
<kw name="Sleep" owner="BuiltIn">
<arg>2s</arg>
<doc>Pauses the test executed for the given time.</doc>
<status status="NOT RUN" start="2025-03-29T02:43:05.180679" elapsed="0.000121"/>
</kw>
<kw name="Close Browser" owner="SeleniumLibrary">
<doc>Closes the current browser.</doc>
<status status="NOT RUN" start="2025-03-29T02:43:05.181237" elapsed="0.000075"/>
</kw>
<status status="FAIL" start="2025-03-29T02:43:02.017191" elapsed="3.164772">ElementNotInteractableException: Message: element not interactable
  (Session info: chrome=134.0.6998.178)
Stacktrace:
	GetHandleVerifier [0x00007FF6321D4C25+3179557]
	(No symbol) [0x00007FF631E388A0]
	(No symbol) [0x00007FF631CC8FFC]
	(No symbol) [0x00007FF631D14EB5]
	(No symbol) [0x00007FF631D47C2A]
	(No symbol) [0x00007FF631D122D6]
	(No symbol) [0x00007FF631D47E40]
	(No symbol) [0x00007FF631D702F3]
	(No symbol) [0x00007FF631D47A03]
	(No symbol) [0x00007FF631D106D0]
	(No symbol) [0x00007FF631D11983]
	GetHandleVerifier [0x00007FF6322367CD+3579853]
	GetHandleVerifier [0x00007FF63224D1D2+3672530]
	GetHandleVerifier [0x00007FF632242153+3627347]
	GetHandleVerifier [0x00007FF631FA092A+868650]
	(No symbol) [0x00007FF631E42FFF]
	(No symbol) [0x00007FF631E3F4A4]
	(No symbol) [0x00007FF631E3F646]
	(No symbol) [0x00007FF631E2EAA9]
	BaseThreadInitThunk [0x00007FF98B33259D+29]
	RtlUserThreadStart [0x00007FF98C90AF38+40]
</status>
</test>
<status status="FAIL" start="2025-03-29T02:43:02.013631" elapsed="3.170088"/>
</suite>
<suite id="s1-s3" name="Signup Test" source="C:\Users\Ердаулет\Documents\robot_tests\tests\signup_test.robot">
<test id="s1-s3-t1" name="Signup Test" line="6">
<kw name="Open Browser" owner="SeleniumLibrary">
<msg time="2025-03-29T02:43:05.191205" level="INFO">Opening browser 'Chrome' to base url 'https://www.demoblaze.com'.</msg>
<arg>https://www.demoblaze.com</arg>
<arg>Chrome</arg>
<doc>Opens a new browser instance to the optional ``url``.</doc>
<status status="PASS" start="2025-03-29T02:43:05.190861" elapsed="2.917850"/>
</kw>
<kw name="Click Element" owner="SeleniumLibrary">
<msg time="2025-03-29T02:43:08.110776" level="INFO">Clicking element 'id=signin2'.</msg>
<arg>id=signin2</arg>
<doc>Click the element identified by ``locator``.</doc>
<status status="PASS" start="2025-03-29T02:43:08.110284" elapsed="0.094338"/>
</kw>
<kw name="Input Text" owner="SeleniumLibrary">
<msg time="2025-03-29T02:43:08.205509" level="INFO">Typing text 'newuser123' into text field 'id=sign-username'.</msg>
<msg time="2025-03-29T02:43:08.462150" level="INFO" html="true">&lt;/td&gt;&lt;/tr&gt;&lt;tr&gt;&lt;td colspan="3"&gt;&lt;a href="selenium-screenshot-7.png"&gt;&lt;img src="selenium-screenshot-7.png" width="800px"&gt;&lt;/a&gt;</msg>
<msg time="2025-03-29T02:43:08.462552" level="FAIL">ElementNotInteractableException: Message: element not interactable
  (Session info: chrome=134.0.6998.178)
Stacktrace:
	GetHandleVerifier [0x00007FF6321D4C25+3179557]
	(No symbol) [0x00007FF631E388A0]
	(No symbol) [0x00007FF631CC8FFC]
	(No symbol) [0x00007FF631D14EB5]
	(No symbol) [0x00007FF631D47C2A]
	(No symbol) [0x00007FF631D122D6]
	(No symbol) [0x00007FF631D47E40]
	(No symbol) [0x00007FF631D702F3]
	(No symbol) [0x00007FF631D47A03]
	(No symbol) [0x00007FF631D106D0]
	(No symbol) [0x00007FF631D11983]
	GetHandleVerifier [0x00007FF6322367CD+3579853]
	GetHandleVerifier [0x00007FF63224D1D2+3672530]
	GetHandleVerifier [0x00007FF632242153+3627347]
	GetHandleVerifier [0x00007FF631FA092A+868650]
	(No symbol) [0x00007FF631E42FFF]
	(No symbol) [0x00007FF631E3F4A4]
	(No symbol) [0x00007FF631E3F646]
	(No symbol) [0x00007FF631E2EAA9]
	BaseThreadInitThunk [0x00007FF98B33259D+29]
	RtlUserThreadStart [0x00007FF98C90AF38+40]
</msg>
<arg>id=sign-username</arg>
<arg>newuser123</arg>
<doc>Types the given ``text`` into the text field identified by ``locator``.</doc>
<status status="FAIL" start="2025-03-29T02:43:08.205189" elapsed="0.259317">ElementNotInteractableException: Message: element not interactable
  (Session info: chrome=134.0.6998.178)
Stacktrace:
	GetHandleVerifier [0x00007FF6321D4C25+3179557]
	(No symbol) [0x00007FF631E388A0]
	(No symbol) [0x00007FF631CC8FFC]
	(No symbol) [0x00007FF631D14EB5]
	(No symbol) [0x00007FF631D47C2A]
	(No symbol) [0x00007FF631D122D6]
	(No symbol) [0x00007FF631D47E40]
	(No symbol) [0x00007FF631D702F3]
	(No symbol) [0x00007FF631D47A03]
	(No symbol) [0x00007FF631D106D0]
	(No symbol) [0x00007FF631D11983]
	GetHandleVerifier [0x00007FF6322367CD+3579853]
	GetHandleVerifier [0x00007FF63224D1D2+3672530]
	GetHandleVerifier [0x00007FF632242153+3627347]
	GetHandleVerifier [0x00007FF631FA092A+868650]
	(No symbol) [0x00007FF631E42FFF]
	(No symbol) [0x00007FF631E3F4A4]
	(No symbol) [0x00007FF631E3F646]
	(No symbol) [0x00007FF631E2EAA9]
	BaseThreadInitThunk [0x00007FF98B33259D+29]
	RtlUserThreadStart [0x00007FF98C90AF38+40]
</status>
</kw>
<kw name="Input Text" owner="SeleniumLibrary">
<arg>id=sign-password</arg>
<arg>strongpassword</arg>
<doc>Types the given ``text`` into the text field identified by ``locator``.</doc>
<status status="NOT RUN" start="2025-03-29T02:43:08.465273" elapsed="0.000129"/>
</kw>
<kw name="Click Button" owner="SeleniumLibrary">
<arg>xpath=//button[text()='Sign up']</arg>
<doc>Clicks the button identified by ``locator``.</doc>
<status status="NOT RUN" start="2025-03-29T02:43:08.466246" elapsed="0.000095"/>
</kw>
<kw name="Sleep" owner="BuiltIn">
<arg>2s</arg>
<doc>Pauses the test executed for the given time.</doc>
<status status="NOT RUN" start="2025-03-29T02:43:08.466775" elapsed="0.000040"/>
</kw>
<kw name="Close Browser" owner="SeleniumLibrary">
<doc>Closes the current browser.</doc>
<status status="NOT RUN" start="2025-03-29T02:43:08.467033" elapsed="0.000064"/>
</kw>
<status status="FAIL" start="2025-03-29T02:43:05.190020" elapsed="3.277479">ElementNotInteractableException: Message: element not interactable
  (Session info: chrome=134.0.6998.178)
Stacktrace:
	GetHandleVerifier [0x00007FF6321D4C25+3179557]
	(No symbol) [0x00007FF631E388A0]
	(No symbol) [0x00007FF631CC8FFC]
	(No symbol) [0x00007FF631D14EB5]
	(No symbol) [0x00007FF631D47C2A]
	(No symbol) [0x00007FF631D122D6]
	(No symbol) [0x00007FF631D47E40]
	(No symbol) [0x00007FF631D702F3]
	(No symbol) [0x00007FF631D47A03]
	(No symbol) [0x00007FF631D106D0]
	(No symbol) [0x00007FF631D11983]
	GetHandleVerifier [0x00007FF6322367CD+3579853]
	GetHandleVerifier [0x00007FF63224D1D2+3672530]
	GetHandleVerifier [0x00007FF632242153+3627347]
	GetHandleVerifier [0x00007FF631FA092A+868650]
	(No symbol) [0x00007FF631E42FFF]
	(No symbol) [0x00007FF631E3F4A4]
	(No symbol) [0x00007FF631E3F646]
	(No symbol) [0x00007FF631E2EAA9]
	BaseThreadInitThunk [0x00007FF98B33259D+29]
	RtlUserThreadStart [0x00007FF98C90AF38+40]
</status>
</test>
<status status="FAIL" start="2025-03-29T02:43:05.185246" elapsed="3.283749"/>
</suite>
<status status="FAIL" start="2025-03-29T02:42:57.635548" elapsed="10.835382"/>
</suite>
<statistics>
<total>
<stat pass="0" fail="3" skip="0">All Tests</stat>
</total>
<tag>
</tag>
<suite>
<stat name="Tests" id="s1" pass="0" fail="3" skip="0">Tests</stat>
<stat name="Login Test" id="s1-s1" pass="0" fail="1" skip="0">Tests.Login Test</stat>
<stat name="Logout Test" id="s1-s2" pass="0" fail="1" skip="0">Tests.Logout Test</stat>
<stat name="Signup Test" id="s1-s3" pass="0" fail="1" skip="0">Tests.Signup Test</stat>
</suite>
</statistics>
<errors>
</errors>
</robot>
